0 info it worked if it ends with ok
1 verbose cli [ '/usr/bin/nodejs', '/usr/bin/npm', 'restart', 'forever' ]
2 info using npm@2.14.7
3 info using node@v4.2.1
4 verbose run-script [ 'prerestart',
4 verbose run-script   'prestop',
4 verbose run-script   'stop',
4 verbose run-script   'poststop',
4 verbose run-script   'restart',
4 verbose run-script   'prestart',
4 verbose run-script   'start',
4 verbose run-script   'poststart',
4 verbose run-script   'postrestart' ]
5 info prerestart bloodadmin-nodeAPI@
6 info prestop bloodadmin-nodeAPI@
7 info stop bloodadmin-nodeAPI@
8 info poststop bloodadmin-nodeAPI@
9 info restart bloodadmin-nodeAPI@
10 info prestart bloodadmin-nodeAPI@
11 info start bloodadmin-nodeAPI@
12 verbose unsafe-perm in lifecycle true
13 info bloodadmin-nodeAPI@ Failed to exec start script
14 verbose stack Error: bloodadmin-nodeAPI@ start: `node server.js`
14 verbose stack Exit status 1
14 verbose stack     at EventEmitter.<anonymous> (/usr/lib/node_modules/npm/lib/utils/lifecycle.js:214:16)
14 verbose stack     at emitTwo (events.js:87:13)
14 verbose stack     at EventEmitter.emit (events.js:172:7)
14 verbose stack     at ChildProcess.<anonymous> (/usr/lib/node_modules/npm/lib/utils/spawn.js:24:14)
14 verbose stack     at emitTwo (events.js:87:13)
14 verbose stack     at ChildProcess.emit (events.js:172:7)
14 verbose stack     at maybeClose (internal/child_process.js:818:16)
14 verbose stack     at Process.ChildProcess._handle.onexit (internal/child_process.js:211:5)
15 verbose pkgid bloodadmin-nodeAPI@
16 verbose cwd /var/www/html/NodeAPI
17 error Linux 4.2.0-16-generic
18 error argv "/usr/bin/nodejs" "/usr/bin/npm" "restart" "forever"
19 error node v4.2.1
20 error npm  v2.14.7
21 error code ELIFECYCLE
22 error bloodadmin-nodeAPI@ start: `node server.js`
22 error Exit status 1
23 error Failed at the bloodadmin-nodeAPI@ start script 'node server.js'.
23 error This is most likely a problem with the bloodadmin-nodeAPI package,
23 error not with npm itself.
23 error Tell the author that this fails on your system:
23 error     node server.js
23 error You can get their info via:
23 error     npm owner ls bloodadmin-nodeAPI
23 error There is likely additional logging output above.
24 verbose exit [ 1, true ]
